#
# There is insufficient memory for the Java Runtime Environment to continue.
# Native memory allocation (mmap) failed to map 132120576 bytes for G1 virtual space
# Possible reasons:
#   The system is out of physical RAM or swap space
#   The process is running with CompressedOops enabled, and the Java Heap may be blocking the growth of the native heap
# Possible solutions:
#   Reduce memory load on the system
#   Increase physical memory or swap space
#   Check if swap backing store is full
#   Decrease Java heap size (-Xmx/-Xms)
#   Decrease number of Java threads
#   Decrease Java thread stack sizes (-Xss)
#   Set larger code cache with -XX:ReservedCodeCacheSize=
#   JVM is running with Unscaled Compressed Oops mode in which the Java heap is
#     placed in the first 4GB address space. The Java Heap base address is the
#     maximum limit for the native heap growth. Please use -XX:HeapBaseMinAddress
#     to set the Java Heap base and to place the Java Heap above 4GB virtual address.
# This output file may be truncated or incomplete.
#
#  Out of Memory Error (os_windows.cpp:3532), pid=6584, tid=260
#
# JRE version:  (17.0.2+8) (build )
# Java VM: Java HotSpot(TM) 64-Bit Server VM (17.0.2+8-LTS-86, mixed mode, sharing, tiered, compressed oops, compressed class ptrs, g1 gc, windows-amd64)
# No core dump will be written. Minidumps are not enabled by default on client versions of Windows
#

---------------  S U M M A R Y ------------

Command Line: -Dfile.encoding=UTF-8 --module-path=D:\Project_library\Project_thu_vien\build\classes Jframe.HomePage

Host: Intel(R) Core(TM) i5-7200U CPU @ 2.50GHz, 4 cores, 7G,  Windows 10 , 64 bit Build 19041 (10.0.19041.2251)
Time: Fri Nov 25 13:51:40 2022 SE Asia Standard Time elapsed time: 0.016789 seconds (0d 0h 0m 0s)

---------------  T H R E A D  ---------------

Current thread (0x0000025673c8c580):  JavaThread "Unknown thread" [_thread_in_vm, id=260, stack(0x000000806f300000,0x000000806f400000)]

Stack: [0x000000806f300000,0x000000806f400000]
Native frames: (J=compiled Java code, j=interpreted, Vv=VM code, C=native code)
V  [jvm.dll+0x670baa]
V  [jvm.dll+0x7cfcb4]
V  [jvm.dll+0x7d145e]
V  [jvm.dll+0x7d1ac3]
V  [jvm.dll+0x242bc5]
V  [jvm.dll+0x66dac9]
V  [jvm.dll+0x662412]
V  [jvm.dll+0x300c0b]
V  [jvm.dll+0x3081a6]
V  [jvm.dll+0x357d0e]
V  [jvm.dll+0x357f3f]
V  [jvm.dll+0x2d7ec8]
V  [jvm.dll+0x2d8e34]
V  [jvm.dll+0x7a18c1]
V  [jvm.dll+0x365a91]
V  [jvm.dll+0x780d2c]
V  [jvm.dll+0x3e845f]
V  [jvm.dll+0x3e9f01]
C  [jli.dll+0x527b]
C  [ucrtbase.dll+0x21bb2]
C  [KERNEL32.DLL+0x174b4]
C  [ntdll.dll+0x526a1]


---------------  P R O C E S S  ---------------

Threads class SMR info:
_java_thread_list=0x00007ffba0039858, length=0, elements={
}

Java Threads: ( => current thread )

Other Threads:
  0x0000025673ccafa0 GCTaskThread "GC Thread#0" [stack: 0x000000806f400000,0x000000806f500000] [id=8316]
  0x0000025673cdca00 ConcurrentGCThread "G1 Main Marker" [stack: 0x000000806f500000,0x000000806f600000] [id=17236]
  0x0000025673cddac0 ConcurrentGCThread "G1 Conc#0" [stack: 0x000000806f600000,0x000000806f700000] [id=12160]

[error occurred during error reporting (printing all threads), id 0xc0000005, EXCEPTION_ACCESS_VIOLATION (0xc0000005) at pc=0x00007ffb9f8888a7]

VM state: not at safepoint (not fully initialized)

VM Mutex/Monitor currently owned by a thread:  ([mutex/lock_event])
[0x0000025673c87b50] Heap_lock - owner thread: 0x0000025673c8c580

Heap address: 0x0000000082000000, size: 2016 MB, Compressed Oops mode: 32-bit

CDS archive(s) mapped at: [0x0000000000000000-0x0000000000000000-0x0000000000000000), size 0, SharedBaseAddress: 0x0000000800000000, ArchiveRelocationMode: 0.
Narrow klass base: 0x0000000000000000, Narrow klass shift: 0, Narrow klass range: 0x0

GC Precious Log:
<Empty>

Heap:
 garbage-first heap   total 0K, used 0K [0x0000000082000000, 0x0000000100000000)
  region size 1024K, 0 young (0K), 0 survivors (0K)

[error occurred during error reporting (printing heap information), id 0xc0000005, EXCEPTION_ACCESS_VIOLATION (0xc0000005) at pc=0x00007ffb9fc69f19]

GC Heap History (0 events):
No events

Deoptimization events (0 events):
No events

Classes unloaded (0 events):
No events

Classes redefined (0 events):
No events

Internal exceptions (0 events):
No events

VM Operations (0 events):
No events

Events (1 events):
Event: 0.009 Loaded shared library C:\Program Files\Java\jdk-17.0.2\bin\java.dll


Dynamic libraries:
0x00007ff7a1e80000 - 0x00007ff7a1e90000 	C:\Program Files\Java\jdk-17.0.2\bin\java.exe
0x00007ffc5a430000 - 0x00007ffc5a628000 	C:\WINDOWS\SYSTEM32\ntdll.dll
0x00007ffc59e50000 - 0x00007ffc59f0f000 	C:\WINDOWS\System32\KERNEL32.DLL
0x00007ffc58150000 - 0x00007ffc58422000 	C:\WINDOWS\System32\KERNELBASE.dll
0x00007ffc57e70000 - 0x00007ffc57f70000 	C:\WINDOWS\System32\ucrtbase.dll
0x00007ffc30ea0000 - 0x00007ffc30eba000 	C:\Program Files\Java\jdk-17.0.2\bin\VCRUNTIME140.dll
0x00007ffc50bb0000 - 0x00007ffc50bc8000 	C:\Program Files\Java\jdk-17.0.2\bin\jli.dll
0x00007ffc59150000 - 0x00007ffc591fe000 	C:\WINDOWS\System32\ADVAPI32.dll
0x00007ffc5a0d0000 - 0x00007ffc5a16e000 	C:\WINDOWS\System32\msvcrt.dll
0x00007ffc59a40000 - 0x00007ffc59adc000 	C:\WINDOWS\System32\sechost.dll
0x00007ffc58e10000 - 0x00007ffc58f35000 	C:\WINDOWS\System32\RPCRT4.dll
0x00007ffc58530000 - 0x00007ffc586cd000 	C:\WINDOWS\System32\USER32.dll
0x00007ffc4efe0000 - 0x00007ffc4f27a000 	C:\WINDOWS\WinSxS\amd64_microsoft.windows.common-controls_6595b64144ccf1df_6.0.19041.1110_none_60b5254171f9507e\COMCTL32.dll
0x00007ffc58010000 - 0x00007ffc58032000 	C:\WINDOWS\System32\win32u.dll
0x00007ffc59f90000 - 0x00007ffc59fbb000 	C:\WINDOWS\System32\GDI32.dll
0x00007ffc58040000 - 0x00007ffc5814f000 	C:\WINDOWS\System32\gdi32full.dll
0x00007ffc57f70000 - 0x00007ffc5800d000 	C:\WINDOWS\System32\msvcp_win.dll
0x00007ffc4fdf0000 - 0x00007ffc4fdfa000 	C:\WINDOWS\SYSTEM32\VERSION.dll
0x00007ffc5a2e0000 - 0x00007ffc5a312000 	C:\WINDOWS\System32\IMM32.DLL
0x00007ffc52e80000 - 0x00007ffc52e8c000 	C:\Program Files\Java\jdk-17.0.2\bin\vcruntime140_1.dll
0x00007ffc17420000 - 0x00007ffc174ad000 	C:\Program Files\Java\jdk-17.0.2\bin\msvcp140.dll
0x00007ffb9f5a0000 - 0x00007ffba0161000 	C:\Program Files\Java\jdk-17.0.2\bin\server\jvm.dll
0x00007ffc5a170000 - 0x00007ffc5a178000 	C:\WINDOWS\System32\PSAPI.DLL
0x00007ffc4b7c0000 - 0x00007ffc4b7c9000 	C:\WINDOWS\SYSTEM32\WSOCK32.dll
0x00007ffc58c70000 - 0x00007ffc58cdb000 	C:\WINDOWS\System32\WS2_32.dll
0x00007ffc4b790000 - 0x00007ffc4b7b7000 	C:\WINDOWS\SYSTEM32\WINMM.dll
0x00007ffc56380000 - 0x00007ffc56392000 	C:\WINDOWS\SYSTEM32\kernel.appcore.dll
0x00007ffc52e20000 - 0x00007ffc52e2a000 	C:\Program Files\Java\jdk-17.0.2\bin\jimage.dll
0x00007ffc558e0000 - 0x00007ffc55ac4000 	C:\WINDOWS\SYSTEM32\DBGHELP.DLL
0x00007ffc43cf0000 - 0x00007ffc43d1c000 	C:\WINDOWS\SYSTEM32\dbgcore.DLL
0x00007ffc57b30000 - 0x00007ffc57bb2000 	C:\WINDOWS\System32\bcryptPrimitives.dll
0x00007ffc29bd0000 - 0x00007ffc29bf5000 	C:\Program Files\Java\jdk-17.0.2\bin\java.dll

dbghelp: loaded successfully - version: 4.0.5 - missing functions: none
symbol engine: initialized successfully - sym options: 0x614 - pdb path: .;C:\Program Files\Java\jdk-17.0.2\bin;C:\WINDOWS\SYSTEM32;C:\WINDOWS\WinSxS\amd64_microsoft.windows.common-controls_6595b64144ccf1df_6.0.19041.1110_none_60b5254171f9507e;C:\Program Files\Java\jdk-17.0.2\bin\server

VM Arguments:
jvm_args: -Dfile.encoding=UTF-8 --module-path=D:\Project_library\Project_thu_vien\build\classes 
java_command: Jframe.HomePage
java_class_path (initial): C:\Program Files\NetBeans-15\netbeans\java\modules\ext\AbsoluteLayout.jar;D:\download\New folder\RSCalendar.jar;D:\download\New folder\RSFoto_v1.0.jar;D:\download\mysql-connector-java-8.0.11.jar;D:\download\New folder\RojeruSan.parte1.jar;D:\download\New folder\RSTableMetro.jar;D:\Project_library\Project_thu_vien\build\classes
Launcher Type: SUN_STANDARD

[Global flags]
     intx CICompilerCount                          = 3                                         {product} {ergonomic}
     uint ConcGCThreads                            = 1                                         {product} {ergonomic}
     uint G1ConcRefinementThreads                  = 4                                         {product} {ergonomic}
   size_t G1HeapRegionSize                         = 1048576                                   {product} {ergonomic}
    uintx GCDrainStackTargetSize                   = 64                                        {product} {ergonomic}
   size_t InitialHeapSize                          = 132120576                                 {product} {ergonomic}
   size_t MarkStackSize                            = 4194304                                   {product} {ergonomic}
   size_t MaxHeapSize                              = 2113929216                                {product} {ergonomic}
   size_t MinHeapDeltaBytes                        = 1048576                                   {product} {ergonomic}
   size_t MinHeapSize                              = 8388608                                   {product} {ergonomic}
    uintx NonNMethodCodeHeapSize                   = 5832780                                {pd product} {ergonomic}
    uintx NonProfiledCodeHeapSize                  = 122912730                              {pd product} {ergonomic}
    uintx ProfiledCodeHeapSize                     = 122912730                              {pd product} {ergonomic}
    uintx ReservedCodeCacheSize                    = 251658240                              {pd product} {ergonomic}
     bool SegmentedCodeCache                       = true                                      {product} {ergonomic}
   size_t SoftMaxHeapSize                          = 2113929216                             {manageable} {ergonomic}
     bool UseCompressedClassPointers               = true                           {product lp64_product} {ergonomic}
     bool UseCompressedOops                        = true                           {product lp64_product} {ergonomic}
     bool UseG1GC                                  = true                                      {product} {ergonomic}
     bool UseLargePagesIndividualAllocation        = false                                  {pd product} {ergonomic}

Logging:
Log output configuration:
 #0: stdout all=warning uptime,level,tags
 #1: stderr all=off uptime,level,tags

Environment Variables:
JAVA_HOME=C:\Program Files\Java\jdk-17.0.2
PATH=C:\Program Files\Python311\Scripts\;C:\Program Files\Python311\;C:\New folder\Scripts\;C:\New folder\;C:\Program Files\Eclipse Adoptium\jdk-17.0.2.8-hotspot\bin;C:\Program Files (x86)\Common Files\Oracle\Java\javapath;C:\WINDOWS\system32;C:\WINDOWS;C:\WINDOWS\System32\Wbem;C:\WINDOWS\System32\WindowsPowerShell\v1.0\;C:\WINDOWS\System32\OpenSSH\;C:\Program Files\dotnet\;C:\Program Files (x86)\Dev-Cpp\MinGW64\bin\g++.exe -std=c++11;C:\Program Files (x86)\Dev-Cpp\MinGW64\bin;C:\Program Files\Microsoft SQL Server\150\Tools\Binn\;C:\Program Files\Microsoft SQL Server\Client SDK\ODBC\170\Tools\Binn\;C:\Program Files\Java\jdk-17.0.2\bin;C:\Program Files (x86)\Microsoft SQL Server\150\Tools\Binn\;C:\Program Files\Microsoft SQL Server\150\DTS\Binn\;C:\Program Files (x86)\Microsoft SQL Server\150\DTS\Binn\;C:\Program Files\Azure Data Studio\bin;C:\Program Files (x86)\Microsoft SQL Server\160\DTS\Binn\;C:\Program Files\MySQL\MySQL Shell 8.0\bin\;C:\Users\VuThanhLong\AppData\Local\Microsoft\WindowsApps;C:\Users\VuThanhLong\AppData\Local\Programs\Microsoft VS Code\bin;C:\Users\VuThanhLong\.dotnet\tools;C:\Program Files\dotnet\sdk\6.0.201;C:\Program Files (x86)\Dev-Cpp\MinGW64\bin\g++.exe -std=c++11;C:\Program Files (x86)\Dev-Cpp\MinGW64\bin;C:\Users\VuThanhLong\Documents\WindowsPowerShell\Scripts;C:\Users\VuThanhLong\.dotnet\tools;C:\Program Files\Azure Data Studio\bin;C:\Program Files\JetBrains\PyCharm Community Edition 2022.2.3\bin;
USERNAME=VuThanhLong
OS=Windows_NT
PROCESSOR_IDENTIFIER=Intel64 Family 6 Model 142 Stepping 9, GenuineIntel



---------------  S Y S T E M  ---------------

OS:
 Windows 10 , 64 bit Build 19041 (10.0.19041.2251)
OS uptime: 2 days 19:29 hours

CPU: total 4 (initial active 4) (2 cores per cpu, 2 threads per core) family 6 model 142 stepping 9 microcode 0xb4, cx8, cmov, fxsr, ht, mmx, 3dnowpref, sse, sse2, sse3, ssse3, sse4.1, sse4.2, popcnt, lzcnt, tsc, tscinvbit, avx, avx2, aes, erms, clmul, bmi1, bmi2, adx, fma, vzeroupper, clflush, clflushopt

Memory: 4k page, system-wide physical 8058M (579M free)
TotalPageFile size 18754M (AvailPageFile size 100M)
current process WorkingSet (physical memory assigned to process): 10M, peak: 10M
current process commit charge ("private bytes"): 51M, peak: 177M

vm_info: Java HotSpot(TM) 64-Bit Server VM (17.0.2+8-LTS-86) for windows-amd64 JRE (17.0.2+8-LTS-86), built on Dec  7 2021 21:51:03 by "mach5one" with MS VC++ 16.8 / 16.9 (VS2019)

END.
